  Game.cpp
C:\Users\coppe\Desktop\JustBeatAndShape\JustBeatAndShape\Game.cpp(671,19): warning C4244: '=': conversion from 'float' to 'int', possible loss of data
C:\Users\coppe\Desktop\JustBeatAndShape\JustBeatAndShape\Game.cpp(858,20): warning C4244: '=': conversion from 'float' to 'int', possible loss of data
C:\Users\coppe\Desktop\JustBeatAndShape\JustBeatAndShape\Game.cpp(892,20): warning C4244: 'initializing': conversion from 'int' to 'float', possible loss of data
C:\Users\coppe\Desktop\JustBeatAndShape\JustBeatAndShape\Game.cpp(922,42): warning C4244: 'argument': conversion from 'int' to 'float', possible loss of data
C:\Users\coppe\Desktop\JustBeatAndShape\JustBeatAndShape\Game.cpp(934,43): warning C4244: 'argument': conversion from 'int' to 'float', possible loss of data
C:\Users\coppe\Desktop\JustBeatAndShape\JustBeatAndShape\Game.cpp(1046,39): warning C4244: 'argument': conversion from 'int' to 'float', possible loss of data
C:\Users\coppe\Desktop\JustBeatAndShape\JustBeatAndShape\Game.cpp(1049,38): warning C4244: 'argument': conversion from 'int' to 'float', possible loss of data
C:\Users\coppe\Desktop\JustBeatAndShape\JustBeatAndShape\Game.cpp(1063,42): warning C4244: 'argument': conversion from 'int' to 'float', possible loss of data
C:\Users\coppe\Desktop\JustBeatAndShape\JustBeatAndShape\Game.cpp(1076,30): warning C4244: '=': conversion from 'float' to 'int', possible loss of data
C:\Users\coppe\Desktop\JustBeatAndShape\JustBeatAndShape\Game.cpp(1098,113): warning C4244: 'argument': conversion from 'T' to 'T', possible loss of data
          with
          [
              T=int
          ]
          and
          [
              T=float
          ]
C:\Users\coppe\Desktop\JustBeatAndShape\JustBeatAndShape\Game.cpp(1098,78): warning C4244: 'argument': conversion from 'T' to 'T', possible loss of data
          with
          [
              T=int
          ]
          and
          [
              T=float
          ]
C:\Users\coppe\Desktop\JustBeatAndShape\JustBeatAndShape\Game.cpp(1123,112): warning C4244: 'argument': conversion from 'T' to 'T', possible loss of data
          with
          [
              T=int
          ]
          and
          [
              T=float
          ]
C:\Users\coppe\Desktop\JustBeatAndShape\JustBeatAndShape\Game.cpp(1123,77): warning C4244: 'argument': conversion from 'T' to 'T', possible loss of data
          with
          [
              T=int
          ]
          and
          [
              T=float
          ]
C:\Users\coppe\Desktop\JustBeatAndShape\JustBeatAndShape\Game.cpp(1151,114): warning C4244: 'argument': conversion from 'T' to 'T', possible loss of data
          with
          [
              T=int
          ]
          and
          [
              T=float
          ]
C:\Users\coppe\Desktop\JustBeatAndShape\JustBeatAndShape\Game.cpp(1151,79): warning C4244: 'argument': conversion from 'T' to 'T', possible loss of data
          with
          [
              T=int
          ]
          and
          [
              T=float
          ]
C:\Users\coppe\Desktop\JustBeatAndShape\JustBeatAndShape\Game.cpp(1204,115): warning C4244: 'argument': conversion from 'T' to 'T', possible loss of data
          with
          [
              T=int
          ]
          and
          [
              T=float
          ]
C:\Users\coppe\Desktop\JustBeatAndShape\JustBeatAndShape\Game.cpp(1204,80): warning C4244: 'argument': conversion from 'T' to 'T', possible loss of data
          with
          [
              T=int
          ]
          and
          [
              T=float
          ]
C:\Users\coppe\Desktop\JustBeatAndShape\JustBeatAndShape\Game.cpp(1280,42): warning C4244: 'argument': conversion from 'int' to 'float', possible loss of data
C:\Users\coppe\Desktop\JustBeatAndShape\JustBeatAndShape\Game.cpp(1281,42): warning C4244: 'argument': conversion from 'int' to 'float', possible loss of data
C:\Users\coppe\Desktop\JustBeatAndShape\JustBeatAndShape\Game.cpp(1282,42): warning C4244: 'argument': conversion from 'int' to 'float', possible loss of data
C:\Users\coppe\Desktop\JustBeatAndShape\JustBeatAndShape\Game.cpp(1283,42): warning C4244: 'argument': conversion from 'int' to 'float', possible loss of data
C:\Users\coppe\Desktop\JustBeatAndShape\JustBeatAndShape\Game.cpp(1284,42): warning C4244: 'argument': conversion from 'int' to 'float', possible loss of data
C:\Users\coppe\Desktop\JustBeatAndShape\JustBeatAndShape\Game.cpp(1299,33): warning C4244: '=': conversion from 'float' to 'int', possible loss of data
C:\Users\coppe\Desktop\JustBeatAndShape\JustBeatAndShape\Game.cpp(1322,44): warning C4244: 'argument': conversion from 'int' to 'float', possible loss of data
C:\Users\coppe\Desktop\JustBeatAndShape\JustBeatAndShape\Game.cpp(1323,44): warning C4244: 'argument': conversion from 'int' to 'float', possible loss of data
C:\Users\coppe\Desktop\JustBeatAndShape\JustBeatAndShape\Game.cpp(1324,44): warning C4244: 'argument': conversion from 'int' to 'float', possible loss of data
C:\Users\coppe\Desktop\JustBeatAndShape\JustBeatAndShape\Game.cpp(1828,111): warning C4244: 'argument': conversion from 'T' to 'T', possible loss of data
          with
          [
              T=int
          ]
          and
          [
              T=float
          ]
C:\Users\coppe\Desktop\JustBeatAndShape\JustBeatAndShape\Game.cpp(1828,76): warning C4244: 'argument': conversion from 'T' to 'T', possible loss of data
          with
          [
              T=int
          ]
          and
          [
              T=float
          ]
C:\Users\coppe\Desktop\JustBeatAndShape\JustBeatAndShape\Game.cpp(1852,118): warning C4244: 'argument': conversion from 'T' to 'T', possible loss of data
          with
          [
              T=int
          ]
          and
          [
              T=float
          ]
C:\Users\coppe\Desktop\JustBeatAndShape\JustBeatAndShape\Game.cpp(1852,83): warning C4244: 'argument': conversion from 'T' to 'T', possible loss of data
          with
          [
              T=int
          ]
          and
          [
              T=float
          ]
C:\Users\coppe\Desktop\JustBeatAndShape\JustBeatAndShape\Game.cpp(1876,111): warning C4244: 'argument': conversion from 'T' to 'T', possible loss of data
          with
          [
              T=int
          ]
          and
          [
              T=float
          ]
C:\Users\coppe\Desktop\JustBeatAndShape\JustBeatAndShape\Game.cpp(1876,76): warning C4244: 'argument': conversion from 'T' to 'T', possible loss of data
          with
          [
              T=int
          ]
          and
          [
              T=float
          ]
C:\Users\coppe\Desktop\JustBeatAndShape\JustBeatAndShape\Game.cpp(1903,117): warning C4244: 'argument': conversion from 'T' to 'T', possible loss of data
          with
          [
              T=int
          ]
          and
          [
              T=float
          ]
C:\Users\coppe\Desktop\JustBeatAndShape\JustBeatAndShape\Game.cpp(1903,82): warning C4244: 'argument': conversion from 'T' to 'T', possible loss of data
          with
          [
              T=int
          ]
          and
          [
              T=float
          ]
C:\Users\coppe\Desktop\JustBeatAndShape\JustBeatAndShape\Game.cpp(1963,115): warning C4244: 'argument': conversion from 'T' to 'T', possible loss of data
          with
          [
              T=int
          ]
          and
          [
              T=float
          ]
C:\Users\coppe\Desktop\JustBeatAndShape\JustBeatAndShape\Game.cpp(1963,80): warning C4244: 'argument': conversion from 'T' to 'T', possible loss of data
          with
          [
              T=int
          ]
          and
          [
              T=float
          ]
C:\Users\coppe\Desktop\JustBeatAndShape\JustBeatAndShape\Game.cpp(1989,115): warning C4244: 'argument': conversion from 'T' to 'T', possible loss of data
          with
          [
              T=int
          ]
          and
          [
              T=float
          ]
C:\Users\coppe\Desktop\JustBeatAndShape\JustBeatAndShape\Game.cpp(1989,80): warning C4244: 'argument': conversion from 'T' to 'T', possible loss of data
          with
          [
              T=int
          ]
          and
          [
              T=float
          ]
C:\Users\coppe\Desktop\JustBeatAndShape\JustBeatAndShape\Game.cpp(2015,115): warning C4244: 'argument': conversion from 'T' to 'T', possible loss of data
          with
          [
              T=int
          ]
          and
          [
              T=float
          ]
C:\Users\coppe\Desktop\JustBeatAndShape\JustBeatAndShape\Game.cpp(2015,80): warning C4244: 'argument': conversion from 'T' to 'T', possible loss of data
          with
          [
              T=int
          ]
          and
          [
              T=float
          ]
  JustBeatAndShape.vcxproj -> C:\Users\coppe\Desktop\JustBeatAndShape\Debug\JustBeatAndShape.exe
